<test-run id="2" testcasecount="1" result="Passed" start-time="2023-07-23 15:50:18.452205" end-time="2023-07-23 15:50:18.465934" duration="0" total="1" passed="1" failed="0" inconclusive="0" skipped="0" asserts="0" clr-version="3.9.6 (default, May  7 2023, 23:32:44) &#10;[Clang 14.0.3 (clang-1403.0.22.14.1)]" engine-version="3.6.2"><command-line>/Users/kubaw/Library/Python/3.9/bin/pytest</command-line><filter /><test-suite id="test_math_functions.py" name="test_math_functions.py" fullname="test_math_functions.py" methodname="" classname="" runstate="Runnable" type="Assembly" testcasecount="1" result="Passed" label="" start-time="2023-07-23 15:50:18.465316" end-time="2023-07-23 15:50:18.465533" duration="0.000217" asserts="0" total="1" passed="1" failed="0" warnings="0" inconclusive="0" skipped="0"><properties><property name="python_version" value="3.9.6 (default, May  7 2023, 23:32:44) &#10;[Clang 14.0.3 (clang-1403.0.22.14.1)]" /></properties><test-case id="100" name="test_math_functions.py::test_add" fullname="test_math_functions.py::test_add" methodname="test_add" classname="test_math_functions.py" runstate="Runnable" seed="1" result="Passed" label="" start-time="2023-07-23 15:50:18.465316" end-time="2023-07-23 15:50:18.465533" duration="0.000217" asserts="0"><properties><property name="python-version" value="3.9.6 (default, May  7 2023, 23:32:44) &#10;[Clang 14.0.3 (clang-1403.0.22.14.1)]" /><property name="fspath" value="test_math_functions.py" /></properties><environment framework-version="3.6.2" clr-version="3.9.6 (default, May  7 2023, 23:32:44) &#10;[Clang 14.0.3 (clang-1403.0.22.14.1)]" os-version="22.5.0" platform="Darwin" cwd="/Users/kubaw/Documents/workspace-git/hello-world-kainos1" machine-name="arm64" user="" user-domain="" culture="en_US" uiculture="en_US" os-architecture="64bit" /><failure><message><![CDATA[]]></message><stack-trace><![CDATA[None]]></stack-trace></failure><reason><message><![CDATA[]]></message></reason><output><![CDATA[]]></output></test-case><environment framework-version="3.6.2" clr-version="3.9.6 (default, May  7 2023, 23:32:44) &#10;[Clang 14.0.3 (clang-1403.0.22.14.1)]" os-version="22.5.0" platform="Darwin" cwd="/Users/kubaw/Documents/workspace-git/hello-world-kainos1" machine-name="arm64" user="" user-domain="" culture="en_US" uiculture="en_US" os-architecture="64bit" /></test-suite></test-run>